mode: atomic
github.com/RenseiAI/tui-components/theme/status.go:17.48,18.16 1 0
github.com/RenseiAI/tui-components/theme/status.go:19.17,20.63 1 0
github.com/RenseiAI/tui-components/theme/status.go:21.16,22.62 1 0
github.com/RenseiAI/tui-components/theme/status.go:23.16,24.62 1 0
github.com/RenseiAI/tui-components/theme/status.go:25.19,26.61 1 0
github.com/RenseiAI/tui-components/theme/status.go:27.16,28.61 1 0
github.com/RenseiAI/tui-components/theme/status.go:29.17,30.63 1 0
github.com/RenseiAI/tui-components/theme/status.go:31.10,32.59 1 0
github.com/RenseiAI/tui-components/theme/styles.go:6.30,12.2 1 0
github.com/RenseiAI/tui-components/theme/styles.go:15.33,18.2 1 0
github.com/RenseiAI/tui-components/theme/styles.go:21.33,25.2 1 0
github.com/RenseiAI/tui-components/theme/styles.go:28.39,32.2 1 0
github.com/RenseiAI/tui-components/theme/styles.go:35.37,39.2 1 0
github.com/RenseiAI/tui-components/theme/styles.go:42.35,46.2 1 0
github.com/RenseiAI/tui-components/theme/styles.go:49.32,52.2 1 0
github.com/RenseiAI/tui-components/theme/styles.go:55.40,59.2 1 0
github.com/RenseiAI/tui-components/theme/styles.go:62.29,65.2 1 0
github.com/RenseiAI/tui-components/theme/styles.go:68.30,71.2 1 0
github.com/RenseiAI/tui-components/theme/styles.go:74.31,79.2 1 0
github.com/RenseiAI/tui-components/theme/styles.go:82.31,86.2 1 0
github.com/RenseiAI/tui-components/theme/styles.go:89.32,92.2 1 0
github.com/RenseiAI/tui-components/theme/styles.go:95.34,100.2 1 0
github.com/RenseiAI/tui-components/theme/styles.go:103.36,107.2 1 0
github.com/RenseiAI/tui-components/theme/styles.go:111.33,114.2 1 0
github.com/RenseiAI/tui-components/theme/worktype.go:49.52,50.60 1 0
github.com/RenseiAI/tui-components/theme/worktype.go:50.60,52.3 1 0
github.com/RenseiAI/tui-components/theme/worktype.go:53.2,53.22 1 0
github.com/RenseiAI/tui-components/theme/worktype.go:57.47,58.64 1 0
github.com/RenseiAI/tui-components/theme/worktype.go:58.64,60.3 1 0
github.com/RenseiAI/tui-components/theme/worktype.go:61.2,61.17 1 0
github.com/RenseiAI/tui-components/format/format.go:9.35,10.18 1 12
github.com/RenseiAI/tui-components/format/format.go:10.18,12.3 1 3
github.com/RenseiAI/tui-components/format/format.go:13.2,13.20 1 9
github.com/RenseiAI/tui-components/format/format.go:13.20,16.12 3 4
github.com/RenseiAI/tui-components/format/format.go:16.12,18.4 1 1
github.com/RenseiAI/tui-components/format/format.go:19.3,19.31 1 3
github.com/RenseiAI/tui-components/format/format.go:21.2,23.11 3 5
github.com/RenseiAI/tui-components/format/format.go:23.11,25.3 1 3
github.com/RenseiAI/tui-components/format/format.go:26.2,26.30 1 2
github.com/RenseiAI/tui-components/format/format.go:30.32,31.29 1 4
github.com/RenseiAI/tui-components/format/format.go:31.29,33.3 1 2
github.com/RenseiAI/tui-components/format/format.go:34.2,34.17 1 2
github.com/RenseiAI/tui-components/format/format.go:34.17,36.3 1 1
github.com/RenseiAI/tui-components/format/format.go:37.2,37.35 1 1
github.com/RenseiAI/tui-components/format/format.go:41.44,43.16 2 0
github.com/RenseiAI/tui-components/format/format.go:43.16,45.3 1 0
github.com/RenseiAI/tui-components/format/format.go:46.2,47.9 2 0
github.com/RenseiAI/tui-components/format/format.go:48.26,49.20 1 0
github.com/RenseiAI/tui-components/format/format.go:50.24,51.53 1 0
github.com/RenseiAI/tui-components/format/format.go:52.27,53.51 1 0
github.com/RenseiAI/tui-components/format/format.go:54.10,55.54 1 0
github.com/RenseiAI/tui-components/format/format.go:60.41,62.16 2 0
github.com/RenseiAI/tui-components/format/format.go:62.16,64.3 1 0
github.com/RenseiAI/tui-components/format/format.go:65.2,65.39 1 0
github.com/RenseiAI/tui-components/format/format.go:69.44,70.21 1 2
github.com/RenseiAI/tui-components/format/format.go:70.21,72.3 1 1
github.com/RenseiAI/tui-components/format/format.go:73.2,73.18 1 1
github.com/RenseiAI/tui-components/format/format.go:77.32,78.18 1 0
github.com/RenseiAI/tui-components/format/format.go:78.18,80.3 1 0
github.com/RenseiAI/tui-components/format/format.go:81.2,82.14 2 0
github.com/RenseiAI/tui-components/format/format.go:82.14,84.3 1 0
github.com/RenseiAI/tui-components/format/format.go:85.2,85.48 1 0
github.com/RenseiAI/tui-components/widget/textinput.go:18.39,19.28 1 2
github.com/RenseiAI/tui-components/widget/textinput.go:19.28,21.3 1 2
github.com/RenseiAI/tui-components/widget/textinput.go:26.43,27.28 1 7
github.com/RenseiAI/tui-components/widget/textinput.go:27.28,29.3 1 7
github.com/RenseiAI/tui-components/widget/textinput.go:34.34,35.28 1 3
github.com/RenseiAI/tui-components/widget/textinput.go:35.28,37.3 1 3
github.com/RenseiAI/tui-components/widget/textinput.go:41.30,42.11 1 8
github.com/RenseiAI/tui-components/widget/textinput.go:42.11,43.56 1 1
github.com/RenseiAI/tui-components/widget/textinput.go:45.2,45.28 1 7
github.com/RenseiAI/tui-components/widget/textinput.go:45.28,48.3 2 7
github.com/RenseiAI/tui-components/widget/textinput.go:63.36,68.27 3 21
github.com/RenseiAI/tui-components/widget/textinput.go:68.27,70.3 1 19
github.com/RenseiAI/tui-components/widget/textinput.go:71.2,71.10 1 21
github.com/RenseiAI/tui-components/widget/textinput.go:75.35,77.2 1 1
github.com/RenseiAI/tui-components/widget/textinput.go:82.61,85.61 3 11
github.com/RenseiAI/tui-components/widget/textinput.go:85.61,87.3 1 3
github.com/RenseiAI/tui-components/widget/textinput.go:88.2,88.15 1 11
github.com/RenseiAI/tui-components/widget/textinput.go:94.36,97.43 3 7
github.com/RenseiAI/tui-components/widget/textinput.go:97.43,99.3 1 6
github.com/RenseiAI/tui-components/widget/textinput.go:99.8,105.3 1 1
github.com/RenseiAI/tui-components/widget/textinput.go:106.2,106.29 1 7
github.com/RenseiAI/tui-components/widget/textinput.go:111.43,112.15 1 2
github.com/RenseiAI/tui-components/widget/textinput.go:112.15,114.3 1 1
github.com/RenseiAI/tui-components/widget/textinput.go:115.2,116.21 2 2
github.com/RenseiAI/tui-components/widget/textinput.go:123.29,125.2 1 10
github.com/RenseiAI/tui-components/widget/textinput.go:129.28,131.2 1 1
github.com/RenseiAI/tui-components/widget/textinput.go:134.35,136.2 1 6
github.com/RenseiAI/tui-components/widget/textinput.go:139.40,141.23 2 7
github.com/RenseiAI/tui-components/widget/textinput.go:141.23,143.3 1 4
github.com/RenseiAI/tui-components/widget/textinput.go:147.29,150.2 2 1
github.com/RenseiAI/tui-components/widget/textinput.go:154.32,156.2 1 8
github.com/RenseiAI/tui-components/widget/textinput.go:161.34,166.2 1 7
github.com/RenseiAI/tui-components/widget/textinput.go:175.39,176.18 1 9
github.com/RenseiAI/tui-components/widget/textinput.go:176.18,179.3 2 1
github.com/RenseiAI/tui-components/widget/textinput.go:180.2,181.15 2 8
github.com/RenseiAI/tui-components/widget/textinput.go:181.15,183.3 1 0
github.com/RenseiAI/tui-components/widget/textinput.go:184.2,184.25 1 8
